c:\users\quinn.mosher\documents\github\loose-documents\project2\debug\vc120.pdb
c:\users\quinn.mosher\documents\github\loose-documents\project2\debug\vc120.idb
c:\users\quinn.mosher\documents\github\loose-documents\project2\debug\array.obj
c:\users\quinn.mosher\documents\github\loose-documents\project2\debug\chararray.obj
c:\users\quinn.mosher\documents\github\loose-documents\project2\debug\chartoint.obj
c:\users\quinn.mosher\documents\github\loose-documents\project2\debug\cstrings.obj
c:\users\quinn.mosher\documents\github\loose-documents\project2\debug\inventory.obj
c:\users\quinn.mosher\documents\github\loose-documents\project2\debug\inventorytd.obj
c:\users\quinn.mosher\documents\github\loose-documents\project2\debug\item.obj
c:\users\quinn.mosher\documents\github\loose-documents\project2\debug\loop.obj
c:\users\quinn.mosher\documents\github\loose-documents\project2\debug\multiarrays.obj
c:\users\quinn.mosher\documents\github\loose-documents\project2\debug\pointers.obj
c:\users\quinn.mosher\documents\github\loose-documents\project2\debug\refrencecpp.obj
c:\users\quinn.mosher\documents\github\loose-documents\project2\debug\source.obj
c:\users\quinn.mosher\documents\github\loose-documents\project2\debug\zombie.obj
c:\users\quinn.mosher\documents\github\loose-documents\project2\debug\structs.obj
c:\users\quinn.mosher\documents\github\loose-documents\project2\debug\loopsandarrays.obj
c:\users\quinn.mosher\documents\github\loose-documents\project2\debug\project2.tlog\cl.command.1.tlog
c:\users\quinn.mosher\documents\github\loose-documents\project2\debug\project2.tlog\cl.read.1.tlog
c:\users\quinn.mosher\documents\github\loose-documents\project2\debug\project2.tlog\cl.write.1.tlog
